TN:
SF:src\modules\appoitments\services\CreateAppointmentService.ts
FN:14,(anonymous_18)
FN:15,CreateAppointmentService
FN:19,(anonymous_20)
FNF:3
FNH:3
FNDA:1,(anonymous_18)
FNDA:2,CreateAppointmentService
FNDA:3,(anonymous_20)
DA:1,1
DA:2,1
DA:4,1
DA:14,1
DA:17,2
DA:19,3
DA:20,3
DA:22,3
DA:26,3
DA:27,1
DA:29,2
DA:34,2
DA:36,1
DA:38,1
LF:14
LH:14
BRDA:26,0,0,1
BRDA:26,0,1,2
BRF:2
BRH:2
end_of_record
TN:
SF:src\modules\users\services\AuthenticateUserService.ts
FN:21,(anonymous_18)
FN:22,AutheticateUserService
FN:29,(anonymous_20)
FNF:3
FNH:3
FNDA:1,(anonymous_18)
FNDA:3,AutheticateUserService
FNDA:3,(anonymous_20)
DA:1,1
DA:2,1
DA:4,1
DA:5,1
DA:21,1
DA:24,3
DA:26,3
DA:29,3
DA:30,3
DA:32,3
DA:33,1
DA:35,2
DA:40,2
DA:41,1
DA:44,1
DA:46,1
DA:51,1
DA:53,1
DA:55,1
LF:19
LH:19
BRDA:30,0,0,3
BRDA:32,1,0,1
BRDA:32,1,1,2
BRDA:40,2,0,1
BRDA:40,2,1,1
BRF:5
BRH:5
end_of_record
TN:
SF:src\modules\users\services\CreateUserService.ts
FN:16,(anonymous_18)
FN:17,CreateUserService
FN:24,(anonymous_20)
FNF:3
FNH:3
FNDA:2,(anonymous_18)
FNDA:4,CreateUserService
FNDA:5,(anonymous_20)
DA:1,2
DA:5,2
DA:16,2
DA:19,4
DA:21,4
DA:24,5
DA:25,5
DA:27,5
DA:28,1
DA:30,4
DA:32,4
DA:38,4
DA:40,2
DA:42,2
LF:14
LH:14
BRDA:25,0,0,5
BRDA:27,1,0,1
BRDA:27,1,1,4
BRF:3
BRH:3
end_of_record
TN:
SF:src\modules\users\services\UpdateUserAvatarService.ts
FN:16,(anonymous_18)
FN:17,UpadateUserAvatarService
FN:22,(anonymous_20)
FNF:3
FNH:0
FNDA:0,(anonymous_18)
FNDA:0,UpadateUserAvatarService
FNDA:0,(anonymous_20)
DA:1,0
DA:2,0
DA:3,0
DA:5,0
DA:8,0
DA:16,0
DA:19,0
DA:22,0
DA:23,0
DA:24,0
DA:25,0
DA:28,0
DA:29,0
DA:30,0
DA:32,0
DA:33,0
DA:37,0
DA:39,0
DA:41,0
DA:43,0
DA:45,0
LF:21
LH:0
BRDA:23,0,0,0
BRDA:24,1,0,0
BRDA:24,1,1,0
BRDA:28,2,0,0
BRDA:28,2,1,0
BRDA:32,3,0,0
BRDA:32,3,1,0
BRF:7
BRH:0
end_of_record
